{"/home/matias/Documentos/Códigos/knowledge/backend/src/entities/Article.ts": {"path":"/home/matias/Documentos/Códigos/knowledge/backend/src/entities/Article.ts","statementMap":{"0":{"start":{"line":11,"column":4},"end":{"line":11,"column":null}},"1":{"start":{"line":14,"column":8},"end":{"line":14,"column":null}},"2":{"start":{"line":15,"column":8},"end":{"line":15,"column":null}},"3":{"start":{"line":16,"column":8},"end":{"line":16,"column":null}},"4":{"start":{"line":17,"column":8},"end":{"line":17,"column":null}},"5":{"start":{"line":18,"column":8},"end":{"line":18,"column":null}},"6":{"start":{"line":19,"column":8},"end":{"line":19,"column":null}},"7":{"start":{"line":20,"column":8},"end":{"line":20,"column":null}},"8":{"start":{"line":24,"column":8},"end":{"line":24,"column":null}},"9":{"start":{"line":3,"column":0},"end":{"line":3,"column":13}}},"fnMap":{"0":{"name":"(anonymous_0)","decl":{"start":{"line":13,"column":4},"end":{"line":13,"column":24}},"loc":{"start":{"line":13,"column":106},"end":{"line":21,"column":5}}},"1":{"name":"(anonymous_1)","decl":{"start":{"line":23,"column":4},"end":{"line":23,"column":10}},"loc":{"start":{"line":23,"column":34},"end":{"line":25,"column":5}}}},"branchMap":{},"s":{"0":8,"1":8,"2":8,"3":8,"4":8,"5":8,"6":8,"7":8,"8":8,"9":1},"f":{"0":8,"1":8},"b":{}}
,"/home/matias/Documentos/Códigos/knowledge/backend/src/entities/Category.ts": {"path":"/home/matias/Documentos/Códigos/knowledge/backend/src/entities/Category.ts","statementMap":{"0":{"start":{"line":6,"column":4},"end":{"line":6,"column":null}},"1":{"start":{"line":9,"column":8},"end":{"line":9,"column":null}},"2":{"start":{"line":10,"column":8},"end":{"line":10,"column":null}},"3":{"start":{"line":11,"column":8},"end":{"line":11,"column":null}},"4":{"start":{"line":12,"column":8},"end":{"line":12,"column":null}},"5":{"start":{"line":16,"column":8},"end":{"line":16,"column":null}},"6":{"start":{"line":20,"column":24},"end":{"line":20,"column":28}},"7":{"start":{"line":22,"column":8},"end":{"line":22,"column":84}},"8":{"start":{"line":22,"column":24},"end":{"line":22,"column":84}},"9":{"start":{"line":22,"column":71},"end":{"line":22,"column":82}},"10":{"start":{"line":23,"column":8},"end":{"line":27,"column":null}},"11":{"start":{"line":24,"column":28},"end":{"line":24,"column":78}},"12":{"start":{"line":24,"column":48},"end":{"line":24,"column":78}},"13":{"start":{"line":25,"column":12},"end":{"line":25,"column":null}},"14":{"start":{"line":26,"column":12},"end":{"line":26,"column":null}},"15":{"start":{"line":29,"column":8},"end":{"line":29,"column":25}},"16":{"start":{"line":2,"column":0},"end":{"line":2,"column":13}}},"fnMap":{"0":{"name":"(anonymous_0)","decl":{"start":{"line":8,"column":4},"end":{"line":8,"column":24}},"loc":{"start":{"line":8,"column":65},"end":{"line":13,"column":5}}},"1":{"name":"(anonymous_1)","decl":{"start":{"line":15,"column":4},"end":{"line":15,"column":10}},"loc":{"start":{"line":15,"column":36},"end":{"line":17,"column":5}}},"2":{"name":"(anonymous_2)","decl":{"start":{"line":19,"column":4},"end":{"line":19,"column":10}},"loc":{"start":{"line":19,"column":54},"end":{"line":30,"column":5}}},"3":{"name":"(anonymous_3)","decl":{"start":{"line":22,"column":54},"end":{"line":22,"column":55}},"loc":{"start":{"line":22,"column":71},"end":{"line":22,"column":82}}},"4":{"name":"(anonymous_4)","decl":{"start":{"line":23,"column":34},"end":{"line":23,"column":35}},"loc":{"start":{"line":23,"column":49},"end":{"line":27,"column":9}}},"5":{"name":"(anonymous_5)","decl":{"start":{"line":24,"column":28},"end":{"line":24,"column":29}},"loc":{"start":{"line":24,"column":48},"end":{"line":24,"column":78}}}},"branchMap":{"0":{"loc":{"start":{"line":22,"column":8},"end":{"line":22,"column":84}},"type":"if","locations":[{"start":{"line":22,"column":8},"end":{"line":22,"column":84}}]}},"s":{"0":16,"1":16,"2":16,"3":16,"4":16,"5":16,"6":3,"7":3,"8":1,"9":2,"10":3,"11":2,"12":4,"13":2,"14":2,"15":3,"16":2},"f":{"0":16,"1":16,"2":3,"3":2,"4":2,"5":4},"b":{"0":[1]}}
,"/home/matias/Documentos/Códigos/knowledge/backend/src/entities/User.ts": {"path":"/home/matias/Documentos/Códigos/knowledge/backend/src/entities/User.ts","statementMap":{"0":{"start":{"line":9,"column":8},"end":{"line":9,"column":null}},"1":{"start":{"line":10,"column":8},"end":{"line":10,"column":null}},"2":{"start":{"line":11,"column":8},"end":{"line":11,"column":null}},"3":{"start":{"line":12,"column":8},"end":{"line":12,"column":null}},"4":{"start":{"line":13,"column":8},"end":{"line":13,"column":null}},"5":{"start":{"line":17,"column":8},"end":{"line":17,"column":null}},"6":{"start":{"line":1,"column":0},"end":{"line":1,"column":13}}},"fnMap":{"0":{"name":"(anonymous_0)","decl":{"start":{"line":8,"column":4},"end":{"line":8,"column":24}},"loc":{"start":{"line":8,"column":34},"end":{"line":14,"column":5}}},"1":{"name":"(anonymous_1)","decl":{"start":{"line":16,"column":4},"end":{"line":16,"column":10}},"loc":{"start":{"line":16,"column":28},"end":{"line":18,"column":5}}}},"branchMap":{},"s":{"0":11,"1":11,"2":11,"3":11,"4":11,"5":11,"6":2},"f":{"0":11,"1":11},"b":{}}
,"/home/matias/Documentos/Códigos/knowledge/backend/src/repositories/in-memory/in-memory-article-repository.ts": {"path":"/home/matias/Documentos/Códigos/knowledge/backend/src/repositories/in-memory/in-memory-article-repository.ts","statementMap":{"0":{"start":{"line":1,"column":0},"end":{"line":1,"column":48}},"1":{"start":{"line":3,"column":0},"end":{"line":3,"column":33}},"2":{"start":{"line":6,"column":11},"end":{"line":6,"column":null}},"3":{"start":{"line":9,"column":31},"end":{"line":18,"column":10}},"4":{"start":{"line":19,"column":8},"end":{"line":19,"column":null}},"5":{"start":{"line":20,"column":8},"end":{"line":20,"column":null}},"6":{"start":{"line":23,"column":8},"end":{"line":25,"column":null}},"7":{"start":{"line":24,"column":12},"end":{"line":24,"column":null}},"8":{"start":{"line":27,"column":29},"end":{"line":27,"column":93}},"9":{"start":{"line":27,"column":66},"end":{"line":27,"column":92}},"10":{"start":{"line":28,"column":8},"end":{"line":28,"column":null}},"11":{"start":{"line":29,"column":8},"end":{"line":29,"column":null}},"12":{"start":{"line":33,"column":24},"end":{"line":33,"column":72}},"13":{"start":{"line":33,"column":54},"end":{"line":33,"column":71}},"14":{"start":{"line":34,"column":8},"end":{"line":34,"column":null}},"15":{"start":{"line":34,"column":21},"end":{"line":34,"column":null}},"16":{"start":{"line":35,"column":8},"end":{"line":35,"column":null}},"17":{"start":{"line":39,"column":8},"end":{"line":39,"column":null}},"18":{"start":{"line":5,"column":0},"end":{"line":5,"column":13}}},"fnMap":{"0":{"name":"(anonymous_0)","decl":{"start":{"line":5,"column":0},"end":{"line":5,"column":13}},"loc":{"start":{"line":5,"column":0},"end":{"line":41,"column":1}}},"1":{"name":"(anonymous_1)","decl":{"start":{"line":8,"column":4},"end":{"line":8,"column":9}},"loc":{"start":{"line":8,"column":31},"end":{"line":21,"column":5}}},"2":{"name":"(anonymous_2)","decl":{"start":{"line":22,"column":4},"end":{"line":22,"column":9}},"loc":{"start":{"line":22,"column":35},"end":{"line":30,"column":5}}},"3":{"name":"(anonymous_3)","decl":{"start":{"line":27,"column":53},"end":{"line":27,"column":62}},"loc":{"start":{"line":27,"column":66},"end":{"line":27,"column":92}}},"4":{"name":"(anonymous_4)","decl":{"start":{"line":32,"column":4},"end":{"line":32,"column":9}},"loc":{"start":{"line":32,"column":30},"end":{"line":36,"column":5}}},"5":{"name":"(anonymous_5)","decl":{"start":{"line":33,"column":43},"end":{"line":33,"column":50}},"loc":{"start":{"line":33,"column":54},"end":{"line":33,"column":71}}},"6":{"name":"(anonymous_6)","decl":{"start":{"line":38,"column":4},"end":{"line":38,"column":9}},"loc":{"start":{"line":38,"column":17},"end":{"line":40,"column":5}}}},"branchMap":{"0":{"loc":{"start":{"line":23,"column":8},"end":{"line":25,"column":null}},"type":"if","locations":[{"start":{"line":23,"column":8},"end":{"line":25,"column":null}}]},"1":{"loc":{"start":{"line":34,"column":8},"end":{"line":34,"column":null}},"type":"if","locations":[{"start":{"line":34,"column":8},"end":{"line":34,"column":null}}]}},"s":{"0":1,"1":1,"2":6,"3":3,"4":3,"5":3,"6":2,"7":1,"8":1,"9":0,"10":1,"11":1,"12":2,"13":1,"14":2,"15":1,"16":1,"17":1,"18":1},"f":{"0":6,"1":3,"2":2,"3":0,"4":2,"5":1,"6":1},"b":{"0":[1],"1":[1]}}
,"/home/matias/Documentos/Códigos/knowledge/backend/src/repositories/in-memory/in-memory-category-repository.ts": {"path":"/home/matias/Documentos/Códigos/knowledge/backend/src/repositories/in-memory/in-memory-category-repository.ts","statementMap":{"0":{"start":{"line":1,"column":0},"end":{"line":1,"column":50}},"1":{"start":{"line":6,"column":11},"end":{"line":6,"column":null}},"2":{"start":{"line":9,"column":25},"end":{"line":9,"column":77}},"3":{"start":{"line":9,"column":58},"end":{"line":9,"column":76}},"4":{"start":{"line":10,"column":8},"end":{"line":10,"column":null}},"5":{"start":{"line":10,"column":22},"end":{"line":10,"column":null}},"6":{"start":{"line":11,"column":8},"end":{"line":11,"column":null}},"7":{"start":{"line":15,"column":8},"end":{"line":17,"column":null}},"8":{"start":{"line":16,"column":12},"end":{"line":16,"column":null}},"9":{"start":{"line":19,"column":8},"end":{"line":19,"column":null}},"10":{"start":{"line":20,"column":8},"end":{"line":20,"column":null}},"11":{"start":{"line":24,"column":8},"end":{"line":24,"column":null}},"12":{"start":{"line":24,"column":48},"end":{"line":24,"column":110}},"13":{"start":{"line":28,"column":8},"end":{"line":28,"column":null}},"14":{"start":{"line":32,"column":8},"end":{"line":32,"column":null}},"15":{"start":{"line":4,"column":0},"end":{"line":4,"column":13}}},"fnMap":{"0":{"name":"(anonymous_0)","decl":{"start":{"line":4,"column":0},"end":{"line":4,"column":13}},"loc":{"start":{"line":4,"column":0},"end":{"line":34,"column":1}}},"1":{"name":"(anonymous_1)","decl":{"start":{"line":8,"column":4},"end":{"line":8,"column":9}},"loc":{"start":{"line":8,"column":30},"end":{"line":12,"column":5}}},"2":{"name":"(anonymous_2)","decl":{"start":{"line":9,"column":46},"end":{"line":9,"column":54}},"loc":{"start":{"line":9,"column":58},"end":{"line":9,"column":76}}},"3":{"name":"(anonymous_3)","decl":{"start":{"line":14,"column":4},"end":{"line":14,"column":9}},"loc":{"start":{"line":14,"column":33},"end":{"line":21,"column":5}}},"4":{"name":"(anonymous_4)","decl":{"start":{"line":23,"column":4},"end":{"line":23,"column":9}},"loc":{"start":{"line":23,"column":29},"end":{"line":25,"column":5}}},"5":{"name":"(anonymous_5)","decl":{"start":{"line":24,"column":36},"end":{"line":24,"column":44}},"loc":{"start":{"line":24,"column":48},"end":{"line":24,"column":110}}},"6":{"name":"(anonymous_6)","decl":{"start":{"line":27,"column":4},"end":{"line":27,"column":9}},"loc":{"start":{"line":27,"column":17},"end":{"line":29,"column":5}}},"7":{"name":"(anonymous_7)","decl":{"start":{"line":31,"column":4},"end":{"line":31,"column":9}},"loc":{"start":{"line":31,"column":17},"end":{"line":33,"column":5}}}},"branchMap":{"0":{"loc":{"start":{"line":10,"column":8},"end":{"line":10,"column":null}},"type":"if","locations":[{"start":{"line":10,"column":8},"end":{"line":10,"column":null}}]},"1":{"loc":{"start":{"line":15,"column":8},"end":{"line":17,"column":null}},"type":"if","locations":[{"start":{"line":15,"column":8},"end":{"line":17,"column":null}}]}},"s":{"0":1,"1":7,"2":2,"3":1,"4":2,"5":1,"6":1,"7":9,"8":1,"9":8,"10":8,"11":10,"12":4,"13":1,"14":1,"15":1},"f":{"0":7,"1":2,"2":1,"3":9,"4":10,"5":4,"6":1,"7":1},"b":{"0":[1],"1":[1]}}
,"/home/matias/Documentos/Códigos/knowledge/backend/src/repositories/in-memory/in-memory-user-repository.ts": {"path":"/home/matias/Documentos/Códigos/knowledge/backend/src/repositories/in-memory/in-memory-user-repository.ts","statementMap":{"0":{"start":{"line":6,"column":11},"end":{"line":6,"column":null}},"1":{"start":{"line":9,"column":21},"end":{"line":9,"column":60}},"2":{"start":{"line":9,"column":45},"end":{"line":9,"column":59}},"3":{"start":{"line":10,"column":8},"end":{"line":12,"column":null}},"4":{"start":{"line":11,"column":12},"end":{"line":11,"column":null}},"5":{"start":{"line":13,"column":8},"end":{"line":13,"column":null}},"6":{"start":{"line":17,"column":8},"end":{"line":19,"column":null}},"7":{"start":{"line":18,"column":12},"end":{"line":18,"column":null}},"8":{"start":{"line":20,"column":8},"end":{"line":20,"column":null}},"9":{"start":{"line":21,"column":8},"end":{"line":21,"column":null}},"10":{"start":{"line":26,"column":8},"end":{"line":28,"column":null}},"11":{"start":{"line":27,"column":12},"end":{"line":27,"column":null}},"12":{"start":{"line":30,"column":26},"end":{"line":30,"column":94}},"13":{"start":{"line":30,"column":65},"end":{"line":30,"column":93}},"14":{"start":{"line":31,"column":8},"end":{"line":31,"column":null}},"15":{"start":{"line":32,"column":8},"end":{"line":32,"column":null}},"16":{"start":{"line":36,"column":8},"end":{"line":36,"column":null}},"17":{"start":{"line":36,"column":39},"end":{"line":36,"column":59}},"18":{"start":{"line":5,"column":0},"end":{"line":5,"column":13}}},"fnMap":{"0":{"name":"(anonymous_0)","decl":{"start":{"line":5,"column":0},"end":{"line":5,"column":13}},"loc":{"start":{"line":5,"column":0},"end":{"line":38,"column":1}}},"1":{"name":"(anonymous_1)","decl":{"start":{"line":8,"column":4},"end":{"line":8,"column":9}},"loc":{"start":{"line":8,"column":30},"end":{"line":14,"column":5}}},"2":{"name":"(anonymous_2)","decl":{"start":{"line":9,"column":37},"end":{"line":9,"column":41}},"loc":{"start":{"line":9,"column":45},"end":{"line":9,"column":59}}},"3":{"name":"(anonymous_3)","decl":{"start":{"line":16,"column":4},"end":{"line":16,"column":9}},"loc":{"start":{"line":16,"column":25},"end":{"line":22,"column":5}}},"4":{"name":"(anonymous_4)","decl":{"start":{"line":24,"column":4},"end":{"line":24,"column":9}},"loc":{"start":{"line":24,"column":32},"end":{"line":33,"column":5}}},"5":{"name":"(anonymous_5)","decl":{"start":{"line":30,"column":47},"end":{"line":30,"column":61}},"loc":{"start":{"line":30,"column":65},"end":{"line":30,"column":93}}},"6":{"name":"(anonymous_6)","decl":{"start":{"line":35,"column":4},"end":{"line":35,"column":9}},"loc":{"start":{"line":35,"column":30},"end":{"line":37,"column":5}}},"7":{"name":"(anonymous_7)","decl":{"start":{"line":36,"column":31},"end":{"line":36,"column":35}},"loc":{"start":{"line":36,"column":39},"end":{"line":36,"column":59}}}},"branchMap":{"0":{"loc":{"start":{"line":10,"column":8},"end":{"line":12,"column":null}},"type":"if","locations":[{"start":{"line":10,"column":8},"end":{"line":12,"column":null}}]},"1":{"loc":{"start":{"line":17,"column":8},"end":{"line":19,"column":null}},"type":"if","locations":[{"start":{"line":17,"column":8},"end":{"line":19,"column":null}}]},"2":{"loc":{"start":{"line":26,"column":8},"end":{"line":28,"column":null}},"type":"if","locations":[{"start":{"line":26,"column":8},"end":{"line":28,"column":null}}]}},"s":{"0":7,"1":2,"2":1,"3":2,"4":1,"5":1,"6":6,"7":1,"8":5,"9":5,"10":2,"11":1,"12":1,"13":1,"14":1,"15":1,"16":6,"17":1,"18":1},"f":{"0":7,"1":2,"2":1,"3":6,"4":2,"5":1,"6":6,"7":1},"b":{"0":[1],"1":[1],"2":[1]}}
}
