TN:
SF:src/entities/Article.ts
FN:13,(anonymous_0)
FN:23,(anonymous_1)
FNF:2
FNH:2
FNDA:8,(anonymous_0)
FNDA:8,(anonymous_1)
DA:3,1
DA:11,8
DA:14,8
DA:15,8
DA:16,8
DA:17,8
DA:18,8
DA:19,8
DA:20,8
DA:24,8
LF:10
LH:10
BRF:0
BRH:0
end_of_record
TN:
SF:src/entities/Category.ts
FN:8,(anonymous_0)
FN:15,(anonymous_1)
FN:19,(anonymous_2)
FN:22,(anonymous_3)
FN:23,(anonymous_4)
FN:24,(anonymous_5)
FNF:6
FNH:6
FNDA:16,(anonymous_0)
FNDA:16,(anonymous_1)
FNDA:3,(anonymous_2)
FNDA:2,(anonymous_3)
FNDA:2,(anonymous_4)
FNDA:4,(anonymous_5)
DA:2,2
DA:6,16
DA:9,16
DA:10,16
DA:11,16
DA:12,16
DA:16,16
DA:20,3
DA:22,3
DA:23,3
DA:24,4
DA:25,2
DA:26,2
DA:29,3
LF:14
LH:14
BRDA:22,0,0,1
BRF:1
BRH:1
end_of_record
TN:
SF:src/entities/User.ts
FN:8,(anonymous_0)
FN:16,(anonymous_1)
FNF:2
FNH:2
FNDA:11,(anonymous_0)
FNDA:11,(anonymous_1)
DA:1,2
DA:9,11
DA:10,11
DA:11,11
DA:12,11
DA:13,11
DA:17,11
LF:7
LH:7
BRF:0
BRH:0
end_of_record
TN:
SF:src/repositories/in-memory/in-memory-article-repository.ts
FN:5,(anonymous_0)
FN:8,(anonymous_1)
FN:22,(anonymous_2)
FN:27,(anonymous_3)
FN:32,(anonymous_4)
FN:33,(anonymous_5)
FN:38,(anonymous_6)
FNF:7
FNH:6
FNDA:6,(anonymous_0)
FNDA:3,(anonymous_1)
FNDA:2,(anonymous_2)
FNDA:0,(anonymous_3)
FNDA:2,(anonymous_4)
FNDA:1,(anonymous_5)
FNDA:1,(anonymous_6)
DA:1,1
DA:3,1
DA:5,1
DA:6,6
DA:9,3
DA:19,3
DA:20,3
DA:23,2
DA:24,1
DA:27,1
DA:28,1
DA:29,1
DA:33,2
DA:34,2
DA:35,1
DA:39,1
LF:16
LH:16
BRDA:23,0,0,1
BRDA:34,1,0,1
BRF:2
BRH:2
end_of_record
TN:
SF:src/repositories/in-memory/in-memory-category-repository.ts
FN:4,(anonymous_0)
FN:8,(anonymous_1)
FN:9,(anonymous_2)
FN:14,(anonymous_3)
FN:23,(anonymous_4)
FN:24,(anonymous_5)
FN:27,(anonymous_6)
FN:31,(anonymous_7)
FNF:8
FNH:8
FNDA:7,(anonymous_0)
FNDA:2,(anonymous_1)
FNDA:1,(anonymous_2)
FNDA:9,(anonymous_3)
FNDA:10,(anonymous_4)
FNDA:4,(anonymous_5)
FNDA:1,(anonymous_6)
FNDA:1,(anonymous_7)
DA:1,1
DA:4,1
DA:6,7
DA:9,2
DA:10,2
DA:11,1
DA:15,9
DA:16,1
DA:19,8
DA:20,8
DA:24,10
DA:28,1
DA:32,1
LF:13
LH:13
BRDA:10,0,0,1
BRDA:15,1,0,1
BRF:2
BRH:2
end_of_record
TN:
SF:src/repositories/in-memory/in-memory-user-repository.ts
FN:5,(anonymous_0)
FN:8,(anonymous_1)
FN:9,(anonymous_2)
FN:16,(anonymous_3)
FN:24,(anonymous_4)
FN:30,(anonymous_5)
FN:35,(anonymous_6)
FN:36,(anonymous_7)
FNF:8
FNH:8
FNDA:7,(anonymous_0)
FNDA:2,(anonymous_1)
FNDA:1,(anonymous_2)
FNDA:6,(anonymous_3)
FNDA:2,(anonymous_4)
FNDA:1,(anonymous_5)
FNDA:6,(anonymous_6)
FNDA:1,(anonymous_7)
DA:5,1
DA:6,7
DA:9,2
DA:10,2
DA:11,1
DA:13,1
DA:17,6
DA:18,1
DA:20,5
DA:21,5
DA:26,2
DA:27,1
DA:30,1
DA:31,1
DA:32,1
DA:36,6
LF:16
LH:16
BRDA:10,0,0,1
BRDA:17,1,0,1
BRDA:26,2,0,1
BRF:3
BRH:3
end_of_record
